/*C21*/SET SCHEMA PUBLIC
INSERT INTO FILMEE VALUES(31,'TED','MEL GIBSON','A\u00c7\u00c3O','2020-11-18','190 MIM')
COMMIT
DISCONNECT
/*C22*/SET SCHEMA PUBLIC
DISCONNECT
/*C23*/SET SCHEMA PUBLIC
DISCONNECT
/*C24*/SET SCHEMA PUBLIC
DISCONNECT
/*C25*/SET SCHEMA PUBLIC
DELETE FROM FILMEE WHERE IDFILME=31
INSERT INTO FILMEE VALUES(31,'TED AAA','MEL GIBSON','A\u00c7\u00c3O','2020-11-18','190 MIM')
COMMIT
DISCONNECT
/*C26*/SET SCHEMA PUBLIC
DISCONNECT
/*C27*/SET SCHEMA PUBLIC
DISCONNECT
/*C28*/SET SCHEMA PUBLIC
DISCONNECT
/*C29*/SET SCHEMA PUBLIC
DELETE FROM FILMEE WHERE IDFILME=31
COMMIT
DISCONNECT
/*C30*/SET SCHEMA PUBLIC
DISCONNECT
/*C31*/SET SCHEMA PUBLIC
DISCONNECT
